<?xml version="1.0" encoding="UTF-8"?>
<!-- Generated by org.testng.reporters.JUnitXMLReporter -->
<testsuite hostname="BSBLRLT164" ignored="0" name="com.desktop.automation" tests="1" failures="1" timestamp="09 Jun 2019 09:55:33 GMT" time="25.471" errors="0">
  <testcase name="loginTest" time="10.76" classname="com.desktop.testCases.TC_LoginTest_T01">
    <failure type="java.lang.AssertionError" message="expected [true] but found [false]">
      <![CDATA[java.lang.AssertionError: expected [true] but found [false]
at com.desktop.testCases.TC_LoginTest_T01.loginTest(TC_LoginTest_T01.java:34)
... Removed 29 stack frames]]>
    </failure>
  </testcase> <!-- loginTest -->
</testsuite> <!-- com.desktop.automation -->
